Analysis & Synthesis report for Final_Digitales
Mon Dec 11 19:54:25 2023
Quartus II 64-Bit Version 13.1.0 Build 162 10/23/2013 SJ Web Edition


---------------------
; Table of Contents ;
---------------------
  1. Legal Notice
  2. Analysis & Synthesis Summary
  3. Analysis & Synthesis Settings
  4. Parallel Compilation
  5. Analysis & Synthesis Source Files Read
  6. Analysis & Synthesis Resource Usage Summary
  7. Analysis & Synthesis Resource Utilization by Entity
  8. Registers Removed During Synthesis
  9. Removed Registers Triggering Further Register Optimizations
 10. General Register Statistics
 11. Elapsed Time Per Partition
 12. Analysis & Synthesis Messages



----------------
; Legal Notice ;
----------------
Copyright (C) 1991-2013 Altera Corporation
Your use of Altera Corporation's design tools, logic functions 
and other software and tools, and its AMPP partner logic 
functions, and any output files from any of the foregoing 
(including device programming or simulation files), and any 
associated documentation or information are expressly subject 
to the terms and conditions of the Altera Program License 
Subscription Agreement, Altera MegaCore Function License 
Agreement, or other applicable license agreement, including, 
without limitation, that your use is for the sole purpose of 
programming logic devices manufactured by Altera and sold by 
Altera or its authorized distributors.  Please refer to the 
applicable agreement for further details.



+---------------------------------------------------------------------------------+
; Analysis & Synthesis Summary                                                    ;
+------------------------------------+--------------------------------------------+
; Analysis & Synthesis Status        ; Successful - Mon Dec 11 19:54:25 2023      ;
; Quartus II 64-Bit Version          ; 13.1.0 Build 162 10/23/2013 SJ Web Edition ;
; Revision Name                      ; Final_Digitales                            ;
; Top-level Entity Name              ; Final_Digitales                            ;
; Family                             ; Cyclone III                                ;
; Total logic elements               ; 4                                          ;
;     Total combinational functions  ; 4                                          ;
;     Dedicated logic registers      ; 3                                          ;
; Total registers                    ; 3                                          ;
; Total pins                         ; 35                                         ;
; Total virtual pins                 ; 0                                          ;
; Total memory bits                  ; 0                                          ;
; Embedded Multiplier 9-bit elements ; 0                                          ;
; Total PLLs                         ; 0                                          ;
+------------------------------------+--------------------------------------------+


+----------------------------------------------------------------------------------------------------------------------+
; Analysis & Synthesis Settings                                                                                        ;
+----------------------------------------------------------------------------+--------------------+--------------------+
; Option                                                                     ; Setting            ; Default Value      ;
+----------------------------------------------------------------------------+--------------------+--------------------+
; Device                                                                     ; EP3C16F484C6       ;                    ;
; Top-level entity name                                                      ; Final_Digitales    ; Final_Digitales    ;
; Family name                                                                ; Cyclone III        ; Cyclone IV GX      ;
; Use smart compilation                                                      ; Off                ; Off                ;
; Enable parallel Assembler and TimeQuest Timing Analyzer during compilation ; On                 ; On                 ;
; Enable compact report table                                                ; Off                ; Off                ;
; Restructure Multiplexers                                                   ; Auto               ; Auto               ;
; Create Debugging Nodes for IP Cores                                        ; Off                ; Off                ;
; Preserve fewer node names                                                  ; On                 ; On                 ;
; Disable OpenCore Plus hardware evaluation                                  ; Off                ; Off                ;
; Verilog Version                                                            ; Verilog_2001       ; Verilog_2001       ;
; VHDL Version                                                               ; VHDL_1993          ; VHDL_1993          ;
; State Machine Processing                                                   ; Auto               ; Auto               ;
; Safe State Machine                                                         ; Off                ; Off                ;
; Extract Verilog State Machines                                             ; On                 ; On                 ;
; Extract VHDL State Machines                                                ; On                 ; On                 ;
; Ignore Verilog initial constructs                                          ; Off                ; Off                ;
; Iteration limit for constant Verilog loops                                 ; 5000               ; 5000               ;
; Iteration limit for non-constant Verilog loops                             ; 250                ; 250                ;
; Add Pass-Through Logic to Inferred RAMs                                    ; On                 ; On                 ;
; Infer RAMs from Raw Logic                                                  ; On                 ; On                 ;
; Parallel Synthesis                                                         ; On                 ; On                 ;
; DSP Block Balancing                                                        ; Auto               ; Auto               ;
; NOT Gate Push-Back                                                         ; On                 ; On                 ;
; Power-Up Don't Care                                                        ; On                 ; On                 ;
; Remove Redundant Logic Cells                                               ; Off                ; Off                ;
; Remove Duplicate Registers                                                 ; On                 ; On                 ;
; Ignore CARRY Buffers                                                       ; Off                ; Off                ;
; Ignore CASCADE Buffers                                                     ; Off                ; Off                ;
; Ignore GLOBAL Buffers                                                      ; Off                ; Off                ;
; Ignore ROW GLOBAL Buffers                                                  ; Off                ; Off                ;
; Ignore LCELL Buffers                                                       ; Off                ; Off                ;
; Ignore SOFT Buffers                                                        ; On                 ; On                 ;
; Limit AHDL Integers to 32 Bits                                             ; Off                ; Off                ;
; Optimization Technique                                                     ; Balanced           ; Balanced           ;
; Carry Chain Length                                                         ; 70                 ; 70                 ;
; Auto Carry Chains                                                          ; On                 ; On                 ;
; Auto Open-Drain Pins                                                       ; On                 ; On                 ;
; Perform WYSIWYG Primitive Resynthesis                                      ; Off                ; Off                ;
; Auto ROM Replacement                                                       ; On                 ; On                 ;
; Auto RAM Replacement                                                       ; On                 ; On                 ;
; Auto DSP Block Replacement                                                 ; On                 ; On                 ;
; Auto Shift Register Replacement                                            ; Auto               ; Auto               ;
; Allow Shift Register Merging across Hierarchies                            ; Auto               ; Auto               ;
; Auto Clock Enable Replacement                                              ; On                 ; On                 ;
; Strict RAM Replacement                                                     ; Off                ; Off                ;
; Allow Synchronous Control Signals                                          ; On                 ; On                 ;
; Force Use of Synchronous Clear Signals                                     ; Off                ; Off                ;
; Auto RAM Block Balancing                                                   ; On                 ; On                 ;
; Auto RAM to Logic Cell Conversion                                          ; Off                ; Off                ;
; Auto Resource Sharing                                                      ; Off                ; Off                ;
; Allow Any RAM Size For Recognition                                         ; Off                ; Off                ;
; Allow Any ROM Size For Recognition                                         ; Off                ; Off                ;
; Allow Any Shift Register Size For Recognition                              ; Off                ; Off                ;
; Use LogicLock Constraints during Resource Balancing                        ; On                 ; On                 ;
; Ignore translate_off and synthesis_off directives                          ; Off                ; Off                ;
; Timing-Driven Synthesis                                                    ; On                 ; On                 ;
; Report Parameter Settings                                                  ; On                 ; On                 ;
; Report Source Assignments                                                  ; On                 ; On                 ;
; Report Connectivity Checks                                                 ; On                 ; On                 ;
; Ignore Maximum Fan-Out Assignments                                         ; Off                ; Off                ;
; Synchronization Register Chain Length                                      ; 2                  ; 2                  ;
; PowerPlay Power Optimization                                               ; Normal compilation ; Normal compilation ;
; HDL message level                                                          ; Level2             ; Level2             ;
; Suppress Register Optimization Related Messages                            ; Off                ; Off                ;
; Number of Removed Registers Reported in Synthesis Report                   ; 5000               ; 5000               ;
; Number of Swept Nodes Reported in Synthesis Report                         ; 5000               ; 5000               ;
; Number of Inverted Registers Reported in Synthesis Report                  ; 100                ; 100                ;
; Clock MUX Protection                                                       ; On                 ; On                 ;
; Auto Gated Clock Conversion                                                ; Off                ; Off                ;
; Block Design Naming                                                        ; Auto               ; Auto               ;
; SDC constraint protection                                                  ; Off                ; Off                ;
; Synthesis Effort                                                           ; Auto               ; Auto               ;
; Shift Register Replacement - Allow Asynchronous Clear Signal               ; On                 ; On                 ;
; Pre-Mapping Resynthesis Optimization                                       ; Off                ; Off                ;
; Analysis & Synthesis Message Level                                         ; Medium             ; Medium             ;
; Disable Register Merging Across Hierarchies                                ; Auto               ; Auto               ;
; Resource Aware Inference For Block RAM                                     ; On                 ; On                 ;
; Synthesis Seed                                                             ; 1                  ; 1                  ;
+----------------------------------------------------------------------------+--------------------+--------------------+


Parallel compilation was disabled, but you have multiple processors available. Enable parallel compilation to reduce compilation time.
+-------------------------------------+
; Parallel Compilation                ;
+----------------------------+--------+
; Processors                 ; Number ;
+----------------------------+--------+
; Number detected on machine ; 16     ;
; Maximum allowed            ; 1      ;
+----------------------------+--------+


+------------------------------------------------------------------------------------------------------------------------------------------------------------------------+
; Analysis & Synthesis Source Files Read                                                                                                                                 ;
+--------------------------------------+-----------------+------------------------------------+----------------------------------------------------------------+---------+
; File Name with User-Entered Path     ; Used in Netlist ; File Type                          ; File Name with Absolute Path                                   ; Library ;
+--------------------------------------+-----------------+------------------------------------+----------------------------------------------------------------+---------+
; ../Maquina_estado/Maquina_estado.vhd ; yes             ; User VHDL File                     ; C:/Users/USUARIO/Documents/Maquina_estado/Maquina_estado.vhd   ;         ;
; ../Nuevo4a2/Nuevo_4a2.vhd            ; yes             ; User VHDL File                     ; C:/Users/USUARIO/Documents/Nuevo4a2/Nuevo_4a2.vhd              ;         ;
; ../Cod9a4/Cod9a4.vhd                 ; yes             ; User VHDL File                     ; C:/Users/USUARIO/Documents/Cod9a4/Cod9a4.vhd                   ;         ;
; ../Comparador/Comparador.vhd         ; yes             ; User VHDL File                     ; C:/Users/USUARIO/Documents/Comparador/Comparador.vhd           ;         ;
; Final_Digitales.bdf                  ; yes             ; User Block Diagram/Schematic File  ; C:/Users/USUARIO/Documents/Final Digitales/Final_Digitales.bdf ;         ;
; 7447.bdf                             ; yes             ; Megafunction                       ; c:/altera/13.1/quartus/libraries/others/maxplus2/7447.bdf      ;         ;
; 74154.bdf                            ; yes             ; Megafunction                       ; c:/altera/13.1/quartus/libraries/others/maxplus2/74154.bdf     ;         ;
; 7483.bdf                             ; yes             ; Megafunction                       ; c:/altera/13.1/quartus/libraries/others/maxplus2/7483.bdf      ;         ;
; 74157.bdf                            ; yes             ; Megafunction                       ; c:/altera/13.1/quartus/libraries/others/maxplus2/74157.bdf     ;         ;
+--------------------------------------+-----------------+------------------------------------+----------------------------------------------------------------+---------+


+-----------------------------------------------------+
; Analysis & Synthesis Resource Usage Summary         ;
+---------------------------------------------+-------+
; Resource                                    ; Usage ;
+---------------------------------------------+-------+
; Estimated Total logic elements              ; 4     ;
;                                             ;       ;
; Total combinational functions               ; 4     ;
; Logic element usage by number of LUT inputs ;       ;
;     -- 4 input functions                    ; 1     ;
;     -- 3 input functions                    ; 1     ;
;     -- <=2 input functions                  ; 2     ;
;                                             ;       ;
; Logic elements by mode                      ;       ;
;     -- normal mode                          ; 4     ;
;     -- arithmetic mode                      ; 0     ;
;                                             ;       ;
; Total registers                             ; 3     ;
;     -- Dedicated logic registers            ; 3     ;
;     -- I/O registers                        ; 0     ;
;                                             ;       ;
; I/O pins                                    ; 35    ;
; Embedded Multiplier 9-bit elements          ; 0     ;
; Maximum fan-out node                        ; inst7 ;
; Maximum fan-out                             ; 6     ;
; Total fan-out                               ; 55    ;
; Average fan-out                             ; 0.71  ;
+---------------------------------------------+-------+


+------------------------------------------------------------------------------------------------------------------------------------------------------------------------------------------------+
; Analysis & Synthesis Resource Utilization by Entity                                                                                                                                            ;
+----------------------------+-------------------+--------------+-------------+--------------+---------+-----------+------+--------------+----------------------------------------+--------------+
; Compilation Hierarchy Node ; LC Combinationals ; LC Registers ; Memory Bits ; DSP Elements ; DSP 9x9 ; DSP 18x18 ; Pins ; Virtual Pins ; Full Hierarchy Name                    ; Library Name ;
+----------------------------+-------------------+--------------+-------------+--------------+---------+-----------+------+--------------+----------------------------------------+--------------+
; |Final_Digitales           ; 4 (2)             ; 3 (1)        ; 0           ; 0            ; 0       ; 0         ; 35   ; 0            ; |Final_Digitales                       ; work         ;
;    |Maquina_estado:inst29| ; 2 (2)             ; 2 (2)        ; 0           ; 0            ; 0       ; 0         ; 0    ; 0            ; |Final_Digitales|Maquina_estado:inst29 ; work         ;
+----------------------------+-------------------+--------------+-------------+--------------+---------+-----------+------+--------------+----------------------------------------+--------------+
Note: For table entries with two numbers listed, the numbers in parentheses indicate the number of resources of the given type used by the specific entity alone. The numbers listed outside of parentheses indicate the total resources of the given type used by the specific entity and all of its sub-entities in the hierarchy.


+---------------------------------------------------------------------------------+
; Registers Removed During Synthesis                                              ;
+----------------------------------------+----------------------------------------+
; Register name                          ; Reason for Removal                     ;
+----------------------------------------+----------------------------------------+
; inst12                                 ; Stuck at GND due to stuck port data_in ;
; inst13                                 ; Stuck at GND due to stuck port data_in ;
; inst15                                 ; Stuck at GND due to stuck port data_in ;
; inst14                                 ; Stuck at GND due to stuck port data_in ;
; inst5                                  ; Stuck at GND due to stuck port data_in ;
; inst4                                  ; Stuck at GND due to stuck port data_in ;
; inst3                                  ; Stuck at GND due to stuck port data_in ;
; inst11                                 ; Stuck at GND due to stuck port data_in ;
; inst8                                  ; Stuck at GND due to stuck port data_in ;
; inst9                                  ; Stuck at GND due to stuck port data_in ;
; inst10                                 ; Stuck at GND due to stuck port data_in ;
; inst6                                  ; Stuck at GND due to stuck port data_in ;
; Total Number of Removed Registers = 12 ;                                        ;
+----------------------------------------+----------------------------------------+


+------------------------------------------------------------------------------------+
; Removed Registers Triggering Further Register Optimizations                        ;
+---------------+---------------------------+----------------------------------------+
; Register name ; Reason for Removal        ; Registers Removed due to This Register ;
+---------------+---------------------------+----------------------------------------+
; inst12        ; Stuck at GND              ; inst8, inst9, inst10, inst6            ;
;               ; due to stuck port data_in ;                                        ;
+---------------+---------------------------+----------------------------------------+


+------------------------------------------------------+
; General Register Statistics                          ;
+----------------------------------------------+-------+
; Statistic                                    ; Value ;
+----------------------------------------------+-------+
; Total registers                              ; 3     ;
; Number of registers using Synchronous Clear  ; 0     ;
; Number of registers using Synchronous Load   ; 0     ;
; Number of registers using Asynchronous Clear ; 0     ;
; Number of registers using Asynchronous Load  ; 0     ;
; Number of registers using Clock Enable       ; 0     ;
; Number of registers using Preset             ; 0     ;
+----------------------------------------------+-------+


+-------------------------------+
; Elapsed Time Per Partition    ;
+----------------+--------------+
; Partition Name ; Elapsed Time ;
+----------------+--------------+
; Top            ; 00:00:00     ;
+----------------+--------------+


+-------------------------------+
; Analysis & Synthesis Messages ;
+-------------------------------+
Info: *******************************************************************
Info: Running Quartus II 64-Bit Analysis & Synthesis
    Info: Version 13.1.0 Build 162 10/23/2013 SJ Web Edition
    Info: Processing started: Mon Dec 11 19:54:21 2023
Info: Command: quartus_map --read_settings_files=on --write_settings_files=off Final_Digitales -c Final_Digitales
Warning (20028): Parallel compilation is not licensed and has been disabled
Info (12021): Found 2 design units, including 1 entities, in source file /users/usuario/documents/maquina_estado/maquina_estado.vhd
    Info (12022): Found design unit 1: Maquina_estado-bdf_type
    Info (12023): Found entity 1: Maquina_estado
Info (12021): Found 2 design units, including 1 entities, in source file /users/usuario/documents/nuevo4a2/nuevo_4a2.vhd
    Info (12022): Found design unit 1: Nuevo_4a2-bdf_type
    Info (12023): Found entity 1: Nuevo_4a2
Info (12021): Found 2 design units, including 1 entities, in source file /users/usuario/documents/cod9a4/cod9a4.vhd
    Info (12022): Found design unit 1: Cod9a4-bdf_type
    Info (12023): Found entity 1: Cod9a4
Info (12021): Found 2 design units, including 1 entities, in source file /users/usuario/documents/maquina_control/maquina_de_control.vhd
    Info (12022): Found design unit 1: Maquina_de_control-bdf_type
    Info (12023): Found entity 1: Maquina_de_control
Warning (12019): Can't analyze file -- file ../cuatroa2/code/cuatroados.vhd is missing
Info (12021): Found 2 design units, including 1 entities, in source file /users/usuario/documents/comparador/comparador.vhd
    Info (12022): Found design unit 1: Comparador-bdf_type
    Info (12023): Found entity 1: Comparador
Info (12021): Found 1 design units, including 1 entities, in source file final_digitales.bdf
    Info (12023): Found entity 1: Final_Digitales
Info (12127): Elaborating entity "Final_Digitales" for the top level hierarchy
Info (12128): Elaborating entity "7447" for hierarchy "7447:inst34"
Info (12130): Elaborated megafunction instantiation "7447:inst34"
Info (12128): Elaborating entity "Comparador" for hierarchy "Comparador:inst33"
Info (12128): Elaborating entity "Maquina_estado" for hierarchy "Maquina_estado:inst29"
Info (12128): Elaborating entity "Cod9a4" for hierarchy "Cod9a4:inst41"
Info (12128): Elaborating entity "74154" for hierarchy "74154:inst37"
Info (12130): Elaborated megafunction instantiation "74154:inst37"
Info (12128): Elaborating entity "Nuevo_4a2" for hierarchy "Nuevo_4a2:inst44"
Info (12128): Elaborating entity "7483" for hierarchy "7483:inst17"
Info (12130): Elaborated megafunction instantiation "7483:inst17"
Info (12128): Elaborating entity "74157" for hierarchy "74157:inst1"
Info (12130): Elaborated megafunction instantiation "74157:inst1"
Info (13014): Ignored 2 buffer(s)
    Info (13019): Ignored 2 SOFT buffer(s)
Warning (13024): Output pins are stuck at VCC or GND
    Warning (13410): Pin "A2" is stuck at GND
    Warning (13410): Pin "A3" is stuck at GND
    Warning (13410): Pin "A7" is stuck at VCC
    Warning (13410): Pin "X1" is stuck at GND
    Warning (13410): Pin "X2" is stuck at GND
    Warning (13410): Pin "X3" is stuck at GND
    Warning (13410): Pin "X4" is stuck at GND
    Warning (13410): Pin "X5" is stuck at GND
    Warning (13410): Pin "X6" is stuck at GND
    Warning (13410): Pin "X7" is stuck at VCC
    Warning (13410): Pin "LED" is stuck at GND
    Warning (13410): Pin "pin_name1" is stuck at VCC
    Warning (13410): Pin "pin_name2" is stuck at VCC
Info (286030): Timing-Driven Synthesis is running
Info (16010): Generating hard_block partition "hard_block:auto_generated_inst"
    Info (16011): Adding 0 node(s), including 0 DDIO, 0 PLL, 0 transceiver and 0 LCELL
Warning (21074): Design contains 14 input pin(s) that do not drive logic
    Warning (15610): No output dependent on input pin "C3"
    Warning (15610): No output dependent on input pin "F4"
    Warning (15610): No output dependent on input pin "C0"
    Warning (15610): No output dependent on input pin "F0"
    Warning (15610): No output dependent on input pin "C1"
    Warning (15610): No output dependent on input pin "C2"
    Warning (15610): No output dependent on input pin "F1"
    Warning (15610): No output dependent on input pin "F3"
    Warning (15610): No output dependent on input pin "F2"
    Warning (15610): No output dependent on input pin "C4"
    Warning (15610): No output dependent on input pin "C5"
    Warning (15610): No output dependent on input pin "F5"
    Warning (15610): No output dependent on input pin "F7"
    Warning (15610): No output dependent on input pin "F6"
Info (21057): Implemented 39 device resources after synthesis - the final resource count might be different
    Info (21058): Implemented 18 input pins
    Info (21059): Implemented 17 output pins
    Info (21061): Implemented 4 logic cells
Info: Quartus II 64-Bit Analysis & Synthesis was successful. 0 errors, 31 warnings
    Info: Peak virtual memory: 4658 megabytes
    Info: Processing ended: Mon Dec 11 19:54:25 2023
    Info: Elapsed time: 00:00:04
    Info: Total CPU time (on all processors): 00:00:02


